
================================================================================
Training Session - 2026-02-03 20:11:19
================================================================================
Configuration:
  - Epochs: 100
  - Early stopping patience: 5
  - Learning rate: 1e-4
  - Batch size: 4

Best Model (epoch 28):
  Validation Metrics:
    - Loss: 0.5151
    - Accuracy: 0.9711
    - Dice: 0.2070
    - IoU: 0.1195

  Test Metrics:
    - Loss: 0.5318
    - Accuracy: 0.9677
    - Dice: 0.1484
    - IoU: 0.0804

Models saved:
  - best.pth (global best) - UPDATED
  - best-current-session.pth (this session)
  - unet_epoch1.pth to unet_epoch33.pth
================================================================================

